load levels...
load levels...
load level finished: 0
load level finished: 0
load level finished: 1
load level finished: 1
load level finished: 2
load level finished: 2
APP load levels finished...
APP load levels finished...
load level...
load level...
display level...
display level...
(Color index out of bounds for tile: B2
initialize time...
(Color index out of bounds for tile: B2
initialize time...
total time is: 80
finish time initialized...
total time is: 80
load level...
display level...
(Color index out of bounds for tile: B2
initialize time...
total time is: 80
load levels...
load levels...
load level finished: 0
load level finished: 0
load level finished: 1
load level finished: 1
load level finished: 2
load level finished: 2
APP load levels finished...
APP load levels finished...
load level...
load level...
display level...
display level...
(Color index out of bounds for tile: B2
(Color index out of bounds for tile: B2
initialize time...
initialize time...
total time is: 80
finish time initialized...
total time is: 80
load levels...
load levels...
load level finished: 0
load level finished: 0
load level finished: 1
load level finished: 1
load level finished: 2
load level finished: 2
APP load levels finished...
load level...
APP load levels finished...
load level...
display level...
display level...
(Color index out of bounds for tile: B2
(Color index out of bounds for tile: B2
initialize time...
initialize time...
total time is: 80
total time is: 80
finish time initialized...
finish time initialized...
load level...
display level...
(Color index out of bounds for tile: B2
initialize time...
total time is: 80
load levels...
load levels...
load level finished: 0
load level finished: 0
load level finished: 1
load level finished: 1
load level finished: 2
load level finished: 2
APP load levels finished...
APP load levels finished...
load level...
load level...
display level...
display level...
(Color index out of bounds for tile: B2
initialize time...
(Color index out of bounds for tile: B2
total time is: 80
initialize time...
finish time initialized...
total time is: 80
load level...
display level...
(Color index out of bounds for tile: B2
initialize time...
total time is: 80
load levels...
load levels...
load level finished: 0
load level finished: 0
load level finished: 1
load level finished: 1
load level finished: 2
load level finished: 2
APP load levels finished...
APP load levels finished...
load level...
load level...
display level...
display level...
(Color index out of bounds for tile: B2
(Color index out of bounds for tile: B2
initialize time...
total time is: 80
initialize time...
finish time initialized...
total time is: 80
load levels...
load level finished: 0
load levels...
load level finished: 1
load level finished: 0
load level finished: 2
load level finished: 1
APP load levels finished...
load level finished: 2
load level...
APP load levels finished...
load level...
display level...
display level...
(Color index out of bounds for tile: B2
initialize time...
(Color index out of bounds for tile: B2
total time is: 80
initialize time...
finish time initialized...
total time is: 80
load levels...
load levels...
load level finished: 0
load level finished: 0
load level finished: 1
load level finished: 1
load level finished: 2
load level finished: 2
APP load levels finished...
APP load levels finished...
load level...
load level...
display level...
display level...
(Color index out of bounds for tile: B2
initialize time...
(Color index out of bounds for tile: B2
total time is: 80
initialize time...
finish time initialized...
total time is: 80
	load levels...
	load level finished: 0
	load level finished: 1
	load level finished: 2
	APP load levels finished...
	load level...
	display level...
	(Color index out of bounds for tile: B2
	initialize time...
	total time is: 80
	finish time initialized...
	load levels...
	load levels...
	load level finished: 0
	load level finished: 0
	load level finished: 1
	load level finished: 1
	load level finished: 2
	load level finished: 2
	APP load levels finished...
	APP load levels finished...
	load level...
	load level...
	display level...
	display level...
	(Color index out of bounds for tile: B2
	initialize time...
	total time is: 80
	finish time initialized...
	(Color index out of bounds for tile: B2
	initialize time...
	total time is: 80
	load levels...
	load level finished: 0
	load level finished: 1
	load level finished: 2
	APP load levels finished...

load levels...

load levels...

load level finished: 0

load level finished: 0

load level finished: 1

load level finished: 1

load level finished: 2

load level finished: 2

APP load levels finished...

APP load levels finished...

load level...

load level...

display level...

display level...

(Color index out of bounds for tile: B2

initialize time...

total time is: 80

(Color index out of bounds for tile: B2

finish time initialized...

initialize time...

total time is: 80

load level...

display level...

(Color index out of bounds for tile: B2

initialize time...

total time is: 80

finish time initialized...
load levels...
load levels...
load level finished: 0
load level finished: 0
load level finished: 1
load level finished: 1
load level finished: 2
load level finished: 2
APP load levels finished...
load level...
APP load levels finished...
load level...
display level...
display level...
(Color index out of bounds for tile: B2
(Color index out of bounds for tile: B2
initialize time...
initialize time...
total time is: 80
total time is: 80
finish time initialized...
finish time initialized...
load level...
display level...
(Color index out of bounds for tile: B2
initialize time...
total time is: 80
finish time initialized...
load levels...
load levels...
load level finished: 0
load level finished: 0
load level finished: 1
load level finished: 1
load level finished: 2
load level finished: 2
APP load levels finished...
APP load levels finished...
load level...
load level...
display level...
display level...
(Color index out of bounds for tile: B2
(Color index out of bounds for tile: B2
initialize time...
initialize time...
total time is: 80
total time is: 80
finish time initialized...
finish time initialized...
load levels...
load levels...
load level finished: 0
load level finished: 0
load level finished: 1
load level finished: 2
APP load levels finished...
load level finished: 1
load level...
load level finished: 2
APP load levels finished...
load level...
display level...
display level...
(Color index out of bounds for tile: B2
(Color index out of bounds for tile: B2
initialize time...
initialize time...
total time is: 80
total time is: 80
finish time initialized...
finish time initialized...
load levels...
load levels...
load level finished: 0
load level finished: 0
load level finished: 1
load level finished: 1
load level finished: 2
load level finished: 2
APP load levels finished...
APP load levels finished...
load level...
load level...
display level...
display level...
(Color index out of bounds for tile: B2
(Color index out of bounds for tile: B2
initialize time...
initialize time...
total time is: 80
total time is: 80
finish time initialized...
finish time initialized...
load level...
display level...
(Color index out of bounds for tile: B2
initialize time...
total time is: 80
finish time initialized...
  java.lang.NullPointerException
 -	at inkball.Level.drawTiles(Level.java:345)
 (	at inkball.Level.draw(Level.java:361)
 $	at inkball.App.draw(App.java:332)
 ;	at processing.core.PApplet.handleDraw(PApplet.java:2426)
 C	at processing.awt.PSurfaceAWT$12.callDraw(PSurfaceAWT.java:1557)
 M	at processing.core.PSurfaceNone$AnimationThread.run(PSurfaceNone.java:316)
load levels...
load level finished: 0
load level finished: 1
load level finished: 2
APP load levels finished...
load level...
load levels...
load level finished: 0
load level finished: 1
load level finished: 2
APP load levels finished...
load level...
display level...
display level...
(Color index out of bounds for tile: B2
initialize time...
(Color index out of bounds for tile: B2
total time is: 80
initialize time...
finish time initialized...
total time is: 80
load levels...
load levels...
load level finished: 0
load level finished: 1
load level finished: 0
load level finished: 2
APP load levels finished...
load level finished: 1
load level...
load level finished: 2
APP load levels finished...
load level...
display level...
display level...
(Color index out of bounds for tile: B2
initialize time...
total time is: 80
(Color index out of bounds for tile: B2
finish time initialized...
initialize time...
total time is: 80
load levels...
load levels...
load level finished: 0
load level finished: 0
load level finished: 1
load level finished: 1
load level finished: 2
APP load levels finished...
load level finished: 2
load level...
APP load levels finished...
load level...
display level...
display level...
(Color index out of bounds for tile: B2
initialize time...
total time is: 80
finish time initialized...
(Color index out of bounds for tile: B2
initialize time...
total time is: 80
load levels...
load level finished: 0
load levels...
load level finished: 1
load level finished: 2
APP load levels finished...
load level...
load level finished: 0
load level finished: 1
load level finished: 2
APP load levels finished...
load level...
display level...
display level...
(Color index out of bounds for tile: B2
initialize time...
total time is: 80
(Color index out of bounds for tile: B2
finish time initialized...
initialize time...
total time is: 80
load levels...
load level finished: 0
load level finished: 1
load level finished: 2
APP load levels finished...
load level...
load levels...
load level finished: 0
load level finished: 1
load level finished: 2
APP load levels finished...
load level...
display level...
display level...
(Color index out of bounds for tile: B2
initialize time...
total time is: 80
finish time initialized...
(Color index out of bounds for tile: B2
initialize time...
total time is: 80
load level...
display level...
(Color index out of bounds for tile: B2
initialize time...
total time is: 80
finish time initialized...
load levels...
load levels...
load level finished: 0
load level finished: 0
load level finished: 1
load level finished: 1
load level finished: 2
APP load levels finished...
load level finished: 2
load level...
APP load levels finished...
load level...
display level...
display level...
(Color index out of bounds for tile: B2
initialize time...
total time is: 80
finish time initialized...
(Color index out of bounds for tile: B2
initialize time...
total time is: 80
  java.lang.NullPointerException
 -	at inkball.Level.drawTiles(Level.java:345)
 (	at inkball.Level.draw(Level.java:361)
 $	at inkball.App.draw(App.java:332)
 ;	at processing.core.PApplet.handleDraw(PApplet.java:2426)
 C	at processing.awt.PSurfaceAWT$12.callDraw(PSurfaceAWT.java:1557)
 M	at processing.core.PSurfaceNone$AnimationThread.run(PSurfaceNone.java:316)
 Njava.io.FileNotFoundException: level.txt (Á≥ªÁªüÊâæ‰∏çÂà∞ÊåáÂÆöÁöÑÊñá‰ª∂„ÄÇ)
 2	at java.io.FileInputStream.open0(Native Method)
 <	at java.io.FileInputStream.open(FileInputStream.java:195)
 >	at java.io.FileInputStream.<init>(FileInputStream.java:138)
 =	at java.io.FileInputStream.<init>(FileInputStream.java:93)
 3	at java.io.FileReader.<init>(FileReader.java:58)
 :	at inkball.LevelDisplay.loadLevel(LevelDisplay.java:35)
 G	at inkball.LevelDisplayTest.testCreateTile(LevelDisplayTest.java:53)
 A	at sun.reflect.NativeMethodAccessorImpl.invoke0(Native Method)
 S	at sun.reflect.NativeMethodAccessorImpl.invoke(NativeMethodAccessorImpl.java:62)
 [	at sun.reflect.DelegatingMethodAccessorImpl.invoke(DelegatingMethodAccessorImpl.java:43)
 6	at java.lang.reflect.Method.invoke(Method.java:498)
 \	at org.junit.platform.commons.util.ReflectionUtils.invokeMethod(ReflectionUtils.java:686)
 [	at org.junit.jupiter.engine.execution.MethodInvocation.proceed(MethodInvocation.java:60)
 Ö	at org.junit.jupiter.engine.execution.InvocationInterceptorChain$ValidatingInvocation.proceed(InvocationInterceptorChain.java:131)
 ^	at org.junit.jupiter.engine.extension.TimeoutExtension.intercept(TimeoutExtension.java:149)
 l	at org.junit.jupiter.engine.extension.TimeoutExtension.interceptTestableMethod(TimeoutExtension.java:140)
 g	at org.junit.jupiter.engine.extension.TimeoutExtension.interceptTestMethod(TimeoutExtension.java:84)
 Ü	at org.junit.jupiter.engine.execution.ExecutableInvoker$ReflectiveInterceptorCall.lambda$ofVoidMethod$0(ExecutableInvoker.java:115)
 f	at org.junit.jupiter.engine.execution.ExecutableInvoker.lambda$invoke$0(ExecutableInvoker.java:105)
 Ü	at org.junit.jupiter.engine.execution.InvocationInterceptorChain$InterceptedInvocation.proceed(InvocationInterceptorChain.java:106)
 o	at org.junit.jupiter.engine.execution.InvocationInterceptorChain.proceed(InvocationInterceptorChain.java:64)
 v	at org.junit.jupiter.engine.execution.InvocationInterceptorChain.chainAndInvoke(InvocationInterceptorChain.java:45)
 n	at org.junit.jupiter.engine.execution.InvocationInterceptorChain.invoke(InvocationInterceptorChain.java:37)
 ]	at org.junit.jupiter.engine.execution.ExecutableInvoker.invoke(ExecutableInvoker.java:104)
 \	at org.junit.jupiter.engine.execution.ExecutableInvoker.invoke(ExecutableInvoker.java:98)
 	at org.junit.jupiter.engine.descriptor.TestMethodTestDescriptor.lambda$invokeTestMethod$6(TestMethodTestDescriptor.java:212)
 k	at org.junit.platform.engine.support.hierarchical.ThrowableCollector.execute(ThrowableCollector.java:73)
 v	at org.junit.jupiter.engine.descriptor.TestMethodTestDescriptor.invokeTestMethod(TestMethodTestDescriptor.java:208)
 m	at org.junit.jupiter.engine.descriptor.TestMethodTestDescriptor.execute(TestMethodTestDescriptor.java:137)
 l	at org.junit.jupiter.engine.descriptor.TestMethodTestDescriptor.execute(TestMethodTestDescriptor.java:71)
 t	at org.junit.platform.engine.support.hierarchical.NodeTestTask.lambda$executeRecursively$5(NodeTestTask.java:135)
 k	at org.junit.platform.engine.support.hierarchical.ThrowableCollector.execute(ThrowableCollector.java:73)
 t	at org.junit.platform.engine.support.hierarchical.NodeTestTask.lambda$executeRecursively$7(NodeTestTask.java:125)
 O	at org.junit.platform.engine.support.hierarchical.Node.around(Node.java:135)
 t	at org.junit.platform.engine.support.hierarchical.NodeTestTask.lambda$executeRecursively$8(NodeTestTask.java:123)
 k	at org.junit.platform.engine.support.hierarchical.ThrowableCollector.execute(ThrowableCollector.java:73)
 k	at org.junit.platform.engine.support.hierarchical.NodeTestTask.executeRecursively(NodeTestTask.java:122)
 _	at org.junit.platform.engine.support.hierarchical.NodeTestTask.execute(NodeTestTask.java:80)
 6	at java.util.ArrayList.forEach(ArrayList.java:1257)
 õ	at org.junit.platform.engine.support.hierarchical.SameThreadHierarchicalTestExecutorService.invokeAll(SameThreadHierarchicalTestExecutorService.java:38)
 t	at org.junit.platform.engine.support.hierarchical.NodeTestTask.lambda$executeRecursively$5(NodeTestTask.java:139)
 k	at org.junit.platform.engine.support.hierarchical.ThrowableCollector.execute(ThrowableCollector.java:73)
 t	at org.junit.platform.engine.support.hierarchical.NodeTestTask.lambda$executeRecursively$7(NodeTestTask.java:125)
 O	at org.junit.platform.engine.support.hierarchical.Node.around(Node.java:135)
 t	at org.junit.platform.engine.support.hierarchical.NodeTestTask.lambda$executeRecursively$8(NodeTestTask.java:123)
 k	at org.junit.platform.engine.support.hierarchical.ThrowableCollector.execute(ThrowableCollector.java:73)
 k	at org.junit.platform.engine.support.hierarchical.NodeTestTask.executeRecursively(NodeTestTask.java:122)
 _	at org.junit.platform.engine.support.hierarchical.NodeTestTask.execute(NodeTestTask.java:80)
 6	at java.util.ArrayList.forEach(ArrayList.java:1257)
 õ	at org.junit.platform.engine.support.hierarchical.SameThreadHierarchicalTestExecutorService.invokeAll(SameThreadHierarchicalTestExecutorService.java:38)
 t	at org.junit.platform.engine.support.hierarchical.NodeTestTask.lambda$executeRecursively$5(NodeTestTask.java:139)
 k	at org.junit.platform.engine.support.hierarchical.ThrowableCollector.execute(ThrowableCollector.java:73)
 t	at org.junit.platform.engine.support.hierarchical.NodeTestTask.lambda$executeRecursively$7(NodeTestTask.java:125)
 O	at org.junit.platform.engine.support.hierarchical.Node.around(Node.java:135)
 t	at org.junit.platform.engine.support.hierarchical.NodeTestTask.lambda$executeRecursively$8(NodeTestTask.java:123)
 k	at org.junit.platform.engine.support.hierarchical.ThrowableCollector.execute(ThrowableCollector.java:73)
 k	at org.junit.platform.engine.support.hierarchical.NodeTestTask.executeRecursively(NodeTestTask.java:122)
 _	at org.junit.platform.engine.support.hierarchical.NodeTestTask.execute(NodeTestTask.java:80)
 ò	at org.junit.platform.engine.support.hierarchical.SameThreadHierarchicalTestExecutorService.submit(SameThreadHierarchicalTestExecutorService.java:32)
 w	at org.junit.platform.engine.support.hierarchical.HierarchicalTestExecutor.execute(HierarchicalTestExecutor.java:57)
 s	at org.junit.platform.engine.support.hierarchical.HierarchicalTestEngine.execute(HierarchicalTestEngine.java:51)
 p	at org.junit.platform.launcher.core.EngineExecutionOrchestrator.execute(EngineExecutionOrchestrator.java:107)
 o	at org.junit.platform.launcher.core.EngineExecutionOrchestrator.execute(EngineExecutionOrchestrator.java:88)
 x	at org.junit.platform.launcher.core.EngineExecutionOrchestrator.lambda$execute$0(EngineExecutionOrchestrator.java:54)
 ~	at org.junit.platform.launcher.core.EngineExecutionOrchestrator.withInterceptedStreams(EngineExecutionOrchestrator.java:67)
 o	at org.junit.platform.launcher.core.EngineExecutionOrchestrator.execute(EngineExecutionOrchestrator.java:52)
 X	at org.junit.platform.launcher.core.DefaultLauncher.execute(DefaultLauncher.java:114)
 W	at org.junit.platform.launcher.core.DefaultLauncher.execute(DefaultLauncher.java:86)
 x	at org.junit.platform.launcher.core.DefaultLauncherSession$DelegatingLauncher.execute(DefaultLauncherSession.java:86)
 ∑	at org.gradle.api.internal.tasks.testing.junitplatform.JUnitPlatformTestClassProcessor$CollectAllTestClassesExecutor.processAllTestClasses(JUnitPlatformTestClassProcessor.java:124)
 ´	at org.gradle.api.internal.tasks.testing.junitplatform.JUnitPlatformTestClassProcessor$CollectAllTestClassesExecutor.access$000(JUnitPlatformTestClassProcessor.java:99)
 á	at org.gradle.api.internal.tasks.testing.junitplatform.JUnitPlatformTestClassProcessor.stop(JUnitPlatformTestClassProcessor.java:94)
 i	at org.gradle.api.internal.tasks.testing.SuiteTestClassProcessor.stop(SuiteTestClassProcessor.java:63)
 A	at sun.reflect.NativeMethodAccessorImpl.invoke0(Native Method)
 S	at sun.reflect.NativeMethodAccessorImpl.invoke(NativeMethodAccessorImpl.java:62)
 [	at sun.reflect.DelegatingMethodAccessorImpl.invoke(DelegatingMethodAccessorImpl.java:43)
 6	at java.lang.reflect.Method.invoke(Method.java:498)
 Z	at org.gradle.internal.dispatch.ReflectionDispatch.dispatch(ReflectionDispatch.java:36)
 Z	at org.gradle.internal.dispatch.ReflectionDispatch.dispatch(ReflectionDispatch.java:24)
 j	at org.gradle.internal.dispatch.ContextClassLoaderDispatch.dispatch(ContextClassLoaderDispatch.java:33)
 y	at org.gradle.internal.dispatch.ProxyDispatchAdapter$DispatchingInvocationHandler.invoke(ProxyDispatchAdapter.java:92)
 0	at com.sun.proxy.$Proxy4.stop(Unknown Source)
 X	at org.gradle.api.internal.tasks.testing.worker.TestWorker$3.run(TestWorker.java:200)
 o	at org.gradle.api.internal.tasks.testing.worker.TestWorker.executeAndMaintainThreadName(TestWorker.java:132)
 Z	at org.gradle.api.internal.tasks.testing.worker.TestWorker.execute(TestWorker.java:103)
 Y	at org.gradle.api.internal.tasks.testing.worker.TestWorker.execute(TestWorker.java:63)
 k	at org.gradle.process.internal.worker.child.ActionExecutionWorker.execute(ActionExecutionWorker.java:56)
 É	at org.gradle.process.internal.worker.child.SystemApplicationClassLoaderWorker.call(SystemApplicationClassLoaderWorker.java:121)
 Ç	at org.gradle.process.internal.worker.child.SystemApplicationClassLoaderWorker.call(SystemApplicationClassLoaderWorker.java:71)
 ^	at worker.org.gradle.process.internal.worker.GradleWorkerMain.run(GradleWorkerMain.java:69)
 _	at worker.org.gradle.process.internal.worker.GradleWorkerMain.main(GradleWorkerMain.java:74)
 The sketch path is not set.
 ^java.lang.RuntimeException: Files must be loaded inside setup() or after it has been called.
 ?	at processing.core.PApplet.createInputRaw(PApplet.java:7030)
 <	at processing.core.PApplet.createInput(PApplet.java:7002)
 :	at processing.core.PApplet.loadBytes(PApplet.java:7292)
 :	at processing.core.PApplet.loadImage(PApplet.java:5428)
 :	at processing.core.PApplet.loadImage(PApplet.java:5350)
 '	at inkball.App.getImage(App.java:70)
 ;	at inkball.LevelDisplay.createTile(LevelDisplay.java:87)
 G	at inkball.LevelDisplayTest.testCreateTile(LevelDisplayTest.java:54)
 A	at sun.reflect.NativeMethodAccessorImpl.invoke0(Native Method)
 S	at sun.reflect.NativeMethodAccessorImpl.invoke(NativeMethodAccessorImpl.java:62)
 [	at sun.reflect.DelegatingMethodAccessorImpl.invoke(DelegatingMethodAccessorImpl.java:43)
 6	at java.lang.reflect.Method.invoke(Method.java:498)
 \	at org.junit.platform.commons.util.ReflectionUtils.invokeMethod(ReflectionUtils.java:686)
 [	at org.junit.jupiter.engine.execution.MethodInvocation.proceed(MethodInvocation.java:60)
 Ö	at org.junit.jupiter.engine.execution.InvocationInterceptorChain$ValidatingInvocation.proceed(InvocationInterceptorChain.java:131)
 ^	at org.junit.jupiter.engine.extension.TimeoutExtension.intercept(TimeoutExtension.java:149)
 l	at org.junit.jupiter.engine.extension.TimeoutExtension.interceptTestableMethod(TimeoutExtension.java:140)
 g	at org.junit.jupiter.engine.extension.TimeoutExtension.interceptTestMethod(TimeoutExtension.java:84)
 Ü	at org.junit.jupiter.engine.execution.ExecutableInvoker$ReflectiveInterceptorCall.lambda$ofVoidMethod$0(ExecutableInvoker.java:115)
 f	at org.junit.jupiter.engine.execution.ExecutableInvoker.lambda$invoke$0(ExecutableInvoker.java:105)
 Ü	at org.junit.jupiter.engine.execution.InvocationInterceptorChain$InterceptedInvocation.proceed(InvocationInterceptorChain.java:106)
 o	at org.junit.jupiter.engine.execution.InvocationInterceptorChain.proceed(InvocationInterceptorChain.java:64)
 v	at org.junit.jupiter.engine.execution.InvocationInterceptorChain.chainAndInvoke(InvocationInterceptorChain.java:45)
 n	at org.junit.jupiter.engine.execution.InvocationInterceptorChain.invoke(InvocationInterceptorChain.java:37)
 ]	at org.junit.jupiter.engine.execution.ExecutableInvoker.invoke(ExecutableInvoker.java:104)
 \	at org.junit.jupiter.engine.execution.ExecutableInvoker.invoke(ExecutableInvoker.java:98)
 	at org.junit.jupiter.engine.descriptor.TestMethodTestDescriptor.lambda$invokeTestMethod$6(TestMethodTestDescriptor.java:212)
 k	at org.junit.platform.engine.support.hierarchical.ThrowableCollector.execute(ThrowableCollector.java:73)
 v	at org.junit.jupiter.engine.descriptor.TestMethodTestDescriptor.invokeTestMethod(TestMethodTestDescriptor.java:208)
 m	at org.junit.jupiter.engine.descriptor.TestMethodTestDescriptor.execute(TestMethodTestDescriptor.java:137)
 l	at org.junit.jupiter.engine.descriptor.TestMethodTestDescriptor.execute(TestMethodTestDescriptor.java:71)
 t	at org.junit.platform.engine.support.hierarchical.NodeTestTask.lambda$executeRecursively$5(NodeTestTask.java:135)
 k	at org.junit.platform.engine.support.hierarchical.ThrowableCollector.execute(ThrowableCollector.java:73)
 t	at org.junit.platform.engine.support.hierarchical.NodeTestTask.lambda$executeRecursively$7(NodeTestTask.java:125)
 O	at org.junit.platform.engine.support.hierarchical.Node.around(Node.java:135)
 t	at org.junit.platform.engine.support.hierarchical.NodeTestTask.lambda$executeRecursively$8(NodeTestTask.java:123)
 k	at org.junit.platform.engine.support.hierarchical.ThrowableCollector.execute(ThrowableCollector.java:73)
 k	at org.junit.platform.engine.support.hierarchical.NodeTestTask.executeRecursively(NodeTestTask.java:122)
 _	at org.junit.platform.engine.support.hierarchical.NodeTestTask.execute(NodeTestTask.java:80)
 6	at java.util.ArrayList.forEach(ArrayList.java:1257)
 õ	at org.junit.platform.engine.support.hierarchical.SameThreadHierarchicalTestExecutorService.invokeAll(SameThreadHierarchicalTestExecutorService.java:38)
 t	at org.junit.platform.engine.support.hierarchical.NodeTestTask.lambda$executeRecursively$5(NodeTestTask.java:139)
 k	at org.junit.platform.engine.support.hierarchical.ThrowableCollector.execute(ThrowableCollector.java:73)
 t	at org.junit.platform.engine.support.hierarchical.NodeTestTask.lambda$executeRecursively$7(NodeTestTask.java:125)
 O	at org.junit.platform.engine.support.hierarchical.Node.around(Node.java:135)
 t	at org.junit.platform.engine.support.hierarchical.NodeTestTask.lambda$executeRecursively$8(NodeTestTask.java:123)
 k	at org.junit.platform.engine.support.hierarchical.ThrowableCollector.execute(ThrowableCollector.java:73)
 k	at org.junit.platform.engine.support.hierarchical.NodeTestTask.executeRecursively(NodeTestTask.java:122)
 _	at org.junit.platform.engine.support.hierarchical.NodeTestTask.execute(NodeTestTask.java:80)
 6	at java.util.ArrayList.forEach(ArrayList.java:1257)
 õ	at org.junit.platform.engine.support.hierarchical.SameThreadHierarchicalTestExecutorService.invokeAll(SameThreadHierarchicalTestExecutorService.java:38)
 t	at org.junit.platform.engine.support.hierarchical.NodeTestTask.lambda$executeRecursively$5(NodeTestTask.java:139)
 k	at org.junit.platform.engine.support.hierarchical.ThrowableCollector.execute(ThrowableCollector.java:73)
 t	at org.junit.platform.engine.support.hierarchical.NodeTestTask.lambda$executeRecursively$7(NodeTestTask.java:125)
 O	at org.junit.platform.engine.support.hierarchical.Node.around(Node.java:135)
 t	at org.junit.platform.engine.support.hierarchical.NodeTestTask.lambda$executeRecursively$8(NodeTestTask.java:123)
 k	at org.junit.platform.engine.support.hierarchical.ThrowableCollector.execute(ThrowableCollector.java:73)
 k	at org.junit.platform.engine.support.hierarchical.NodeTestTask.executeRecursively(NodeTestTask.java:122)
 _	at org.junit.platform.engine.support.hierarchical.NodeTestTask.execute(NodeTestTask.java:80)
 ò	at org.junit.platform.engine.support.hierarchical.SameThreadHierarchicalTestExecutorService.submit(SameThreadHierarchicalTestExecutorService.java:32)
 w	at org.junit.platform.engine.support.hierarchical.HierarchicalTestExecutor.execute(HierarchicalTestExecutor.java:57)
 s	at org.junit.platform.engine.support.hierarchical.HierarchicalTestEngine.execute(HierarchicalTestEngine.java:51)
 p	at org.junit.platform.launcher.core.EngineExecutionOrchestrator.execute(EngineExecutionOrchestrator.java:107)
 o	at org.junit.platform.launcher.core.EngineExecutionOrchestrator.execute(EngineExecutionOrchestrator.java:88)
 x	at org.junit.platform.launcher.core.EngineExecutionOrchestrator.lambda$execute$0(EngineExecutionOrchestrator.java:54)
 ~	at org.junit.platform.launcher.core.EngineExecutionOrchestrator.withInterceptedStreams(EngineExecutionOrchestrator.java:67)
 o	at org.junit.platform.launcher.core.EngineExecutionOrchestrator.execute(EngineExecutionOrchestrator.java:52)
 X	at org.junit.platform.launcher.core.DefaultLauncher.execute(DefaultLauncher.java:114)
 W	at org.junit.platform.launcher.core.DefaultLauncher.execute(DefaultLauncher.java:86)
 x	at org.junit.platform.launcher.core.DefaultLauncherSession$DelegatingLauncher.execute(DefaultLauncherSession.java:86)
 ∑	at org.gradle.api.internal.tasks.testing.junitplatform.JUnitPlatformTestClassProcessor$CollectAllTestClassesExecutor.processAllTestClasses(JUnitPlatformTestClassProcessor.java:124)
 ´	at org.gradle.api.internal.tasks.testing.junitplatform.JUnitPlatformTestClassProcessor$CollectAllTestClassesExecutor.access$000(JUnitPlatformTestClassProcessor.java:99)
 á	at org.gradle.api.internal.tasks.testing.junitplatform.JUnitPlatformTestClassProcessor.stop(JUnitPlatformTestClassProcessor.java:94)
 i	at org.gradle.api.internal.tasks.testing.SuiteTestClassProcessor.stop(SuiteTestClassProcessor.java:63)
 A	at sun.reflect.NativeMethodAccessorImpl.invoke0(Native Method)
 S	at sun.reflect.NativeMethodAccessorImpl.invoke(NativeMethodAccessorImpl.java:62)
 [	at sun.reflect.DelegatingMethodAccessorImpl.invoke(DelegatingMethodAccessorImpl.java:43)
 6	at java.lang.reflect.Method.invoke(Method.java:498)
 Z	at org.gradle.internal.dispatch.ReflectionDispatch.dispatch(ReflectionDispatch.java:36)
 Z	at org.gradle.internal.dispatch.ReflectionDispatch.dispatch(ReflectionDispatch.java:24)
 j	at org.gradle.internal.dispatch.ContextClassLoaderDispatch.dispatch(ContextClassLoaderDispatch.java:33)
 y	at org.gradle.internal.dispatch.ProxyDispatchAdapter$DispatchingInvocationHandler.invoke(ProxyDispatchAdapter.java:92)
 0	at com.sun.proxy.$Proxy4.stop(Unknown Source)
 X	at org.gradle.api.internal.tasks.testing.worker.TestWorker$3.run(TestWorker.java:200)
 o	at org.gradle.api.internal.tasks.testing.worker.TestWorker.executeAndMaintainThreadName(TestWorker.java:132)
 Z	at org.gradle.api.internal.tasks.testing.worker.TestWorker.execute(TestWorker.java:103)
 Y	at org.gradle.api.internal.tasks.testing.worker.TestWorker.execute(TestWorker.java:63)
 k	at org.gradle.process.internal.worker.child.ActionExecutionWorker.execute(ActionExecutionWorker.java:56)
 É	at org.gradle.process.internal.worker.child.SystemApplicationClassLoaderWorker.call(SystemApplicationClassLoaderWorker.java:121)
 Ç	at org.gradle.process.internal.worker.child.SystemApplicationClassLoaderWorker.call(SystemApplicationClassLoaderWorker.java:71)
 ^	at worker.org.gradle.process.internal.worker.GradleWorkerMain.run(GradleWorkerMain.java:69)
 _	at worker.org.gradle.process.internal.worker.GradleWorkerMain.main(GradleWorkerMain.java:74)
 The sketch path is not set.
 Njava.io.FileNotFoundException: level.txt (Á≥ªÁªüÊâæ‰∏çÂà∞ÊåáÂÆöÁöÑÊñá‰ª∂„ÄÇ)
 2	at java.io.FileInputStream.open0(Native Method)
 <	at java.io.FileInputStream.open(FileInputStream.java:195)
 >	at java.io.FileInputStream.<init>(FileInputStream.java:138)
 =	at java.io.FileInputStream.<init>(FileInputStream.java:93)
 3	at java.io.FileReader.<init>(FileReader.java:58)
 :	at inkball.LevelDisplay.loadLevel(LevelDisplay.java:35)
 F	at inkball.LevelDisplayTest.testLoadLevel(LevelDisplayTest.java:24)
 A	at sun.reflect.NativeMethodAccessorImpl.invoke0(Native Method)
 S	at sun.reflect.NativeMethodAccessorImpl.invoke(NativeMethodAccessorImpl.java:62)
 [	at sun.reflect.DelegatingMethodAccessorImpl.invoke(DelegatingMethodAccessorImpl.java:43)
 6	at java.lang.reflect.Method.invoke(Method.java:498)
 \	at org.junit.platform.commons.util.ReflectionUtils.invokeMethod(ReflectionUtils.java:686)
 [	at org.junit.jupiter.engine.execution.MethodInvocation.proceed(MethodInvocation.java:60)
 Ö	at org.junit.jupiter.engine.execution.InvocationInterceptorChain$ValidatingInvocation.proceed(InvocationInterceptorChain.java:131)
 ^	at org.junit.jupiter.engine.extension.TimeoutExtension.intercept(TimeoutExtension.java:149)
 l	at org.junit.jupiter.engine.extension.TimeoutExtension.interceptTestableMethod(TimeoutExtension.java:140)
 g	at org.junit.jupiter.engine.extension.TimeoutExtension.interceptTestMethod(TimeoutExtension.java:84)
 Ü	at org.junit.jupiter.engine.execution.ExecutableInvoker$ReflectiveInterceptorCall.lambda$ofVoidMethod$0(ExecutableInvoker.java:115)
 f	at org.junit.jupiter.engine.execution.ExecutableInvoker.lambda$invoke$0(ExecutableInvoker.java:105)
 Ü	at org.junit.jupiter.engine.execution.InvocationInterceptorChain$InterceptedInvocation.proceed(InvocationInterceptorChain.java:106)
 o	at org.junit.jupiter.engine.execution.InvocationInterceptorChain.proceed(InvocationInterceptorChain.java:64)
 v	at org.junit.jupiter.engine.execution.InvocationInterceptorChain.chainAndInvoke(InvocationInterceptorChain.java:45)
 n	at org.junit.jupiter.engine.execution.InvocationInterceptorChain.invoke(InvocationInterceptorChain.java:37)
 ]	at org.junit.jupiter.engine.execution.ExecutableInvoker.invoke(ExecutableInvoker.java:104)
 \	at org.junit.jupiter.engine.execution.ExecutableInvoker.invoke(ExecutableInvoker.java:98)
 	at org.junit.jupiter.engine.descriptor.TestMethodTestDescriptor.lambda$invokeTestMethod$6(TestMethodTestDescriptor.java:212)
 k	at org.junit.platform.engine.support.hierarchical.ThrowableCollector.execute(ThrowableCollector.java:73)
 v	at org.junit.jupiter.engine.descriptor.TestMethodTestDescriptor.invokeTestMethod(TestMethodTestDescriptor.java:208)
 m	at org.junit.jupiter.engine.descriptor.TestMethodTestDescriptor.execute(TestMethodTestDescriptor.java:137)
 l	at org.junit.jupiter.engine.descriptor.TestMethodTestDescriptor.execute(TestMethodTestDescriptor.java:71)
 t	at org.junit.platform.engine.support.hierarchical.NodeTestTask.lambda$executeRecursively$5(NodeTestTask.java:135)
 k	at org.junit.platform.engine.support.hierarchical.ThrowableCollector.execute(ThrowableCollector.java:73)
 t	at org.junit.platform.engine.support.hierarchical.NodeTestTask.lambda$executeRecursively$7(NodeTestTask.java:125)
 O	at org.junit.platform.engine.support.hierarchical.Node.around(Node.java:135)
 t	at org.junit.platform.engine.support.hierarchical.NodeTestTask.lambda$executeRecursively$8(NodeTestTask.java:123)
 k	at org.junit.platform.engine.support.hierarchical.ThrowableCollector.execute(ThrowableCollector.java:73)
 k	at org.junit.platform.engine.support.hierarchical.NodeTestTask.executeRecursively(NodeTestTask.java:122)
 _	at org.junit.platform.engine.support.hierarchical.NodeTestTask.execute(NodeTestTask.java:80)
 6	at java.util.ArrayList.forEach(ArrayList.java:1257)
 õ	at org.junit.platform.engine.support.hierarchical.SameThreadHierarchicalTestExecutorService.invokeAll(SameThreadHierarchicalTestExecutorService.java:38)
 t	at org.junit.platform.engine.support.hierarchical.NodeTestTask.lambda$executeRecursively$5(NodeTestTask.java:139)
 k	at org.junit.platform.engine.support.hierarchical.ThrowableCollector.execute(ThrowableCollector.java:73)
 t	at org.junit.platform.engine.support.hierarchical.NodeTestTask.lambda$executeRecursively$7(NodeTestTask.java:125)
 O	at org.junit.platform.engine.support.hierarchical.Node.around(Node.java:135)
 t	at org.junit.platform.engine.support.hierarchical.NodeTestTask.lambda$executeRecursively$8(NodeTestTask.java:123)
 k	at org.junit.platform.engine.support.hierarchical.ThrowableCollector.execute(ThrowableCollector.java:73)
 k	at org.junit.platform.engine.support.hierarchical.NodeTestTask.executeRecursively(NodeTestTask.java:122)
 _	at org.junit.platform.engine.support.hierarchical.NodeTestTask.execute(NodeTestTask.java:80)
 6	at java.util.ArrayList.forEach(ArrayList.java:1257)
 õ	at org.junit.platform.engine.support.hierarchical.SameThreadHierarchicalTestExecutorService.invokeAll(SameThreadHierarchicalTestExecutorService.java:38)
 t	at org.junit.platform.engine.support.hierarchical.NodeTestTask.lambda$executeRecursively$5(NodeTestTask.java:139)
 k	at org.junit.platform.engine.support.hierarchical.ThrowableCollector.execute(ThrowableCollector.java:73)
 t	at org.junit.platform.engine.support.hierarchical.NodeTestTask.lambda$executeRecursively$7(NodeTestTask.java:125)
 O	at org.junit.platform.engine.support.hierarchical.Node.around(Node.java:135)
 t	at org.junit.platform.engine.support.hierarchical.NodeTestTask.lambda$executeRecursively$8(NodeTestTask.java:123)
 k	at org.junit.platform.engine.support.hierarchical.ThrowableCollector.execute(ThrowableCollector.java:73)
 k	at org.junit.platform.engine.support.hierarchical.NodeTestTask.executeRecursively(NodeTestTask.java:122)
 _	at org.junit.platform.engine.support.hierarchical.NodeTestTask.execute(NodeTestTask.java:80)
 ò	at org.junit.platform.engine.support.hierarchical.SameThreadHierarchicalTestExecutorService.submit(SameThreadHierarchicalTestExecutorService.java:32)
 w	at org.junit.platform.engine.support.hierarchical.HierarchicalTestExecutor.execute(HierarchicalTestExecutor.java:57)
 s	at org.junit.platform.engine.support.hierarchical.HierarchicalTestEngine.execute(HierarchicalTestEngine.java:51)
 p	at org.junit.platform.launcher.core.EngineExecutionOrchestrator.execute(EngineExecutionOrchestrator.java:107)
 o	at org.junit.platform.launcher.core.EngineExecutionOrchestrator.execute(EngineExecutionOrchestrator.java:88)
 x	at org.junit.platform.launcher.core.EngineExecutionOrchestrator.lambda$execute$0(EngineExecutionOrchestrator.java:54)
 ~	at org.junit.platform.launcher.core.EngineExecutionOrchestrator.withInterceptedStreams(EngineExecutionOrchestrator.java:67)
 o	at org.junit.platform.launcher.core.EngineExecutionOrchestrator.execute(EngineExecutionOrchestrator.java:52)
 X	at org.junit.platform.launcher.core.DefaultLauncher.execute(DefaultLauncher.java:114)
 W	at org.junit.platform.launcher.core.DefaultLauncher.execute(DefaultLauncher.java:86)
 x	at org.junit.platform.launcher.core.DefaultLauncherSession$DelegatingLauncher.execute(DefaultLauncherSession.java:86)
 ∑	at org.gradle.api.internal.tasks.testing.junitplatform.JUnitPlatformTestClassProcessor$CollectAllTestClassesExecutor.processAllTestClasses(JUnitPlatformTestClassProcessor.java:124)
 ´	at org.gradle.api.internal.tasks.testing.junitplatform.JUnitPlatformTestClassProcessor$CollectAllTestClassesExecutor.access$000(JUnitPlatformTestClassProcessor.java:99)
 á	at org.gradle.api.internal.tasks.testing.junitplatform.JUnitPlatformTestClassProcessor.stop(JUnitPlatformTestClassProcessor.java:94)
 i	at org.gradle.api.internal.tasks.testing.SuiteTestClassProcessor.stop(SuiteTestClassProcessor.java:63)
 A	at sun.reflect.NativeMethodAccessorImpl.invoke0(Native Method)
 S	at sun.reflect.NativeMethodAccessorImpl.invoke(NativeMethodAccessorImpl.java:62)
 [	at sun.reflect.DelegatingMethodAccessorImpl.invoke(DelegatingMethodAccessorImpl.java:43)
 6	at java.lang.reflect.Method.invoke(Method.java:498)
 Z	at org.gradle.internal.dispatch.ReflectionDispatch.dispatch(ReflectionDispatch.java:36)
 Z	at org.gradle.internal.dispatch.ReflectionDispatch.dispatch(ReflectionDispatch.java:24)
 j	at org.gradle.internal.dispatch.ContextClassLoaderDispatch.dispatch(ContextClassLoaderDispatch.java:33)
 y	at org.gradle.internal.dispatch.ProxyDispatchAdapter$DispatchingInvocationHandler.invoke(ProxyDispatchAdapter.java:92)
 0	at com.sun.proxy.$Proxy4.stop(Unknown Source)
 X	at org.gradle.api.internal.tasks.testing.worker.TestWorker$3.run(TestWorker.java:200)
 o	at org.gradle.api.internal.tasks.testing.worker.TestWorker.executeAndMaintainThreadName(TestWorker.java:132)
 Z	at org.gradle.api.internal.tasks.testing.worker.TestWorker.execute(TestWorker.java:103)
 Y	at org.gradle.api.internal.tasks.testing.worker.TestWorker.execute(TestWorker.java:63)
 k	at org.gradle.process.internal.worker.child.ActionExecutionWorker.execute(ActionExecutionWorker.java:56)
 É	at org.gradle.process.internal.worker.child.SystemApplicationClassLoaderWorker.call(SystemApplicationClassLoaderWorker.java:121)
 Ç	at org.gradle.process.internal.worker.child.SystemApplicationClassLoaderWorker.call(SystemApplicationClassLoaderWorker.java:71)
 ^	at worker.org.gradle.process.internal.worker.GradleWorkerMain.run(GradleWorkerMain.java:69)
 _	at worker.org.gradle.process.internal.worker.GradleWorkerMain.main(GradleWorkerMain.java:74)
 MN java.lang.NullPointerException
 MN%	at inkball.App.setup(App.java:236)
 MN;	at processing.core.PApplet.handleDraw(PApplet.java:2401)
 MNC	at processing.awt.PSurfaceAWT$12.callDraw(PSurfaceAWT.java:1557)
 MNM	at processing.core.PSurfaceNone$AnimationThread.run(PSurfaceNone.java:316)
 MQ java.lang.NullPointerException
 MQ%	at inkball.App.setup(App.java:236)
 MQ;	at processing.core.PApplet.handleDraw(PApplet.java:2401)
 MQC	at processing.awt.PSurfaceAWT$12.callDraw(PSurfaceAWT.java:1557)
 MQM	at processing.core.PSurfaceNone$AnimationThread.run(PSurfaceNone.java:316)
